enstagram/build/intermediates/proguard-rules/release/aapt_rules.txt
# Referenced at processReleaseManifest\merged\AndroidManifest.xml:43
-keep class android.support.v4.content.FileProvider { <init>(...); }
# Referenced at processReleaseManifest\merged\AndroidManifest.xml:39
-keep class com.solanki.enstagram.ListActivity { <init>(...); }
# Referenced at processReleaseManifest\merged\AndroidManifest.xml:30
-keep class com.solanki.enstagram.MainActivity { <init>(...); }
# Referenced at processReleaseManifest\merged\AndroidManifest.xml:41
-keep class com.solanki.enstagram.MyFeedActivity { <init>(...); }
# Referenced at processReleaseManifest\merged\AndroidManifest.xml:29
-keep class com.solanki.enstagram.Share_Images { <init>(...); }
# Referenced at processReleaseManifest\merged\AndroidManifest.xml:22
-keep class com.solanki.enstagram.StarterApplication { <init>(...); }
# Referenced at processReleaseManifest\merged\AndroidManifest.xml:40
-keep class com.solanki.enstagram.UserFeedActivity { <init>(...); }
# Referenced at res\layout\activity_user_feed.xml:2
# Referenced at res\layout\activity_share__images.xml:3
# Referenced at res\layout\activity_my_feed.xml:2
# Referenced at res\layout\activity_list.xml:2
-keep class android.support.constraint.ConstraintLayout { <init>(...); }

# Referenced at res\layout\abc_alert_dialog_material.xml:41
-keep class android.support.v4.widget.NestedScrollView { <init>(...); }

# Referenced at res\layout\abc_select_dialog_material.xml:23
-keep class android.support.v7.app.AlertController$RecycleListView { <init>(...); }

# Referenced at res\layout\abc_action_menu_item_layout.xml:17
-keep class android.support.v7.view.menu.ActionMenuItemView { <init>(...); }

# Referenced at res\layout\abc_expanded_menu_layout.xml:17
-keep class android.support.v7.view.menu.ExpandedMenuView { <init>(...); }

# Referenced at res\layout\abc_popup_menu_item_layout.xml:17
# Referenced at res\layout\abc_list_menu_item_layout.xml:17
# Referenced at res\layout\abc_cascading_menu_item_layout.xml:20
-keep class android.support.v7.view.menu.ListMenuItemView { <init>(...); }

# Referenced at res\layout\abc_screen_toolbar.xml:27
-keep class android.support.v7.widget.ActionBarContainer { <init>(...); }

# Referenced at res\layout\abc_screen_toolbar.xml:43
# Referenced at res\layout\abc_action_mode_bar.xml:19
-keep class android.support.v7.widget.ActionBarContextView { <init>(...); }

# Referenced at res\layout\abc_screen_toolbar.xml:17
-keep class android.support.v7.widget.ActionBarOverlayLayout { <init>(...); }

# Referenced at res\layout\abc_action_menu_layout.xml:17
-keep class android.support.v7.widget.ActionMenuView { <init>(...); }

# Referenced at res\layout\abc_activity_chooser_view.xml:19
-keep class android.support.v7.widget.ActivityChooserView$InnerLayout { <init>(...); }

# Referenced at res\layout\abc_alert_dialog_material.xml:18
-keep class android.support.v7.widget.AlertDialogLayout { <init>(...); }

# Referenced at res\layout\abc_alert_dialog_button_bar_material.xml:26
-keep class android.support.v7.widget.ButtonBarLayout { <init>(...); }

# Referenced at res\layout\rc.xml:8
-keep class android.support.v7.widget.CardView { <init>(...); }

# Referenced at res\layout\abc_screen_content_include.xml:19
-keep class android.support.v7.widget.ContentFrameLayout { <init>(...); }

# Referenced at res\layout\abc_alert_dialog_title_material.xml:45
-keep class android.support.v7.widget.DialogTitle { <init>(...); }

# Referenced at res\layout\abc_screen_simple_overlay_action_mode.xml:23
-keep class android.support.v7.widget.FitWindowsFrameLayout { <init>(...); }

# Referenced at res\layout\abc_screen_simple.xml:17
# Referenced at res\layout\abc_dialog_title_material.xml:22
-keep class android.support.v7.widget.FitWindowsLinearLayout { <init>(...); }

# Referenced at res\layout\abc_search_view.xml:75
-keep class android.support.v7.widget.SearchView$SearchAutoComplete { <init>(...); }

# Referenced at res\layout\abc_screen_toolbar.xml:36
-keep class android.support.v7.widget.Toolbar { <init>(...); }

# Referenced at res\layout\abc_screen_simple_overlay_action_mode.xml:32
# Referenced at res\layout\abc_screen_simple.xml:25
-keep class android.support.v7.widget.ViewStubCompat { <init>(...); }

# Referenced at res\layout\abc_alert_dialog_title_material.xml:56
# Referenced at res\layout\abc_alert_dialog_material.xml:52
# Referenced at res\layout\abc_alert_dialog_button_bar_material.xml:43
-keep class android.widget.Space { <init>(...); }

# Referenced at res\layout\activity_share__images.xml:3
-keepclassmembers class * { *** click(...); }

# Referenced at res\layout\activity_main.xml:9
-keepclassmembers class * { *** keyboardDown(...); }

# Referenced at res\layout\activity_share__images.xml:42
-keepclassmembers class * { *** next(...); }

# Referenced at res\layout\activity_main.xml:87
-keepclassmembers class * { *** signUpClick(...); }

# Referenced at res\layout\activity_main.xml:107
-keepclassmembers class * { *** toggle(...); }

# Referenced at res\layout\activity_share__images.xml:27
-keepclassmembers class * { *** upload(...); }