enstagram/build/outputs/mapping/release/seeds.txt
com.parse.starter.BuildConfig
com.parse.starter.BuildConfig: boolean DEBUG
com.parse.starter.BuildConfig: java.lang.String APPLICATION_ID
com.parse.starter.BuildConfig: java.lang.String BUILD_TYPE
com.parse.starter.BuildConfig: java.lang.String FLAVOR
com.parse.starter.BuildConfig: int VERSION_CODE
com.parse.starter.BuildConfig: java.lang.String VERSION_NAME
com.parse.starter.BuildConfig: BuildConfig()
com.parse.starter.R
com.parse.starter.R: R()
com.parse.starter.R$anim
com.parse.starter.R$anim: int abc_fade_in
com.parse.starter.R$anim: int abc_fade_out
com.parse.starter.R$anim: int abc_grow_fade_in_from_bottom
com.parse.starter.R$anim: int abc_popup_enter
com.parse.starter.R$anim: int abc_popup_exit
com.parse.starter.R$anim: int abc_shrink_fade_out_from_bottom
com.parse.starter.R$anim: int abc_slide_in_bottom
com.parse.starter.R$anim: int abc_slide_in_top
com.parse.starter.R$anim: int abc_slide_out_bottom
com.parse.starter.R$anim: int abc_slide_out_top
com.parse.starter.R$anim: int abc_tooltip_enter
com.parse.starter.R$anim: int abc_tooltip_exit
com.parse.starter.R$anim: R$anim()
com.parse.starter.R$array
com.parse.starter.R$array: int com_google_android_gms_fonts_certs
com.parse.starter.R$array: int com_google_android_gms_fonts_certs_dev
com.parse.starter.R$array: int com_google_android_gms_fonts_certs_prod
com.parse.starter.R$array: R$array()
com.parse.starter.R$attr
com.parse.starter.R$attr: int actionBarDivider
com.parse.starter.R$attr: int actionBarItemBackground
com.parse.starter.R$attr: int actionBarPopupTheme
com.parse.starter.R$attr: int actionBarSize
com.parse.starter.R$attr: int actionBarSplitStyle
com.parse.starter.R$attr: int actionBarStyle
com.parse.starter.R$attr: int actionBarTabBarStyle
com.parse.starter.R$attr: int actionBarTabStyle
com.parse.starter.R$attr: int actionBarTabTextStyle
com.parse.starter.R$attr: int actionBarTheme
com.parse.starter.R$attr: int actionBarWidgetTheme
com.parse.starter.R$attr: int actionButtonStyle
com.parse.starter.R$attr: int actionDropDownStyle
com.parse.starter.R$attr: int actionLayout
com.parse.starter.R$attr: int actionMenuTextAppearance
com.parse.starter.R$attr: int actionMenuTextColor
com.parse.starter.R$attr: int actionModeBackground
com.parse.starter.R$attr: int actionModeCloseButtonStyle
com.parse.starter.R$attr: int actionModeCloseDrawable
com.parse.starter.R$attr: int actionModeCopyDrawable
com.parse.starter.R$attr: int actionModeCutDrawable
com.parse.starter.R$attr: int actionModeFindDrawable
com.parse.starter.R$attr: int actionModePasteDrawable
com.parse.starter.R$attr: int actionModePopupWindowStyle
com.parse.starter.R$attr: int actionModeSelectAllDrawable
com.parse.starter.R$attr: int actionModeShareDrawable
com.parse.starter.R$attr: int actionModeSplitBackground
com.parse.starter.R$attr: int actionModeStyle
com.parse.starter.R$bool
com.parse.starter.R$bool: int abc_action_bar_embed_tabs
com.parse.starter.R$bool: int abc_allow_stacked_button_bar
com.parse.starter.R$bool: int abc_config_actionMenuItemAllCaps
com.parse.starter.R$bool: R$bool()
...
com.parse.ParseFile$5
com.parse.ParseFile$5: java.lang.String val$sessionToken
com.parse.ParseFile$5: com.parse.ProgressCallback val$uploadProgressCallback
com.parse.ParseFile$5: bolts.Task val$cancellationToken
com.parse.ParseFile$5: com.parse.ParseFile this$0
com.parse.ParseFile$5: ParseFile$5(com.parse.ParseFile,java.lang.String,com.parse.ProgressCallback,bolts.Task)
com.parse.ParseFile$5: bolts.Task then(bolts.Task)
com.parse.ParseFile$5: java.lang.Object then(bolts.Task)
com.parse.ParseFile$6
com.parse.ParseFile$6: bolts.TaskCompletionSource val$cts
com.parse.ParseFile$6: com.parse.ParseFile this$0
com.parse.ParseFile$6: ParseFile$6(com.parse.ParseFile,bolts.TaskCompletionSource)
com.parse.ParseFile$6: bolts.Task then(bolts.Task)
com.parse.ParseFile$6: java.lang.Object then(bolts.Task)
com.parse.ParseFile$7
com.parse.ParseFile$7: com.parse.ProgressCallback val$progressCallback
com.parse.ParseFile$7: bolts.TaskCompletionSource val$cts
com.parse.ParseFile$7: com.parse.ParseFile this$0
com.parse.ParseFile$7: ParseFile$7(com.parse.ParseFile,com.parse.ProgressCallback,bolts.TaskCompletionSource)
com.parse.ParseFile$7: bolts.Task then(bolts.Task)
com.parse.ParseFile$7: java.lang.Object then(bolts.Task)
com.parse.ParseFile$7$1
com.parse.ParseFile$7$1: com.parse.ParseFile$7 this$1
com.parse.ParseFile$7$1: ParseFile$7$1(com.parse.ParseFile$7)
com.parse.ParseFile$7$1: byte[] then(bolts.Task)
com.parse.ParseFile$7$1: java.lang.Object then(bolts.Task)
com.parse.ParseFile$8
com.parse.ParseFile$8: bolts.TaskCompletionSource val$cts
com.parse.ParseFile$8: com.parse.ParseFile this$0
com.parse.ParseFile$8: ParseFile$8(com.parse.ParseFile,bolts.TaskCompletionSource)
com.parse.ParseFile$8: bolts.Task then(bolts.Task)
com.parse.ParseFile$8: java.lang.Object then(bolts.Task)
com.parse.ParseFile$9
com.parse.ParseFile$9: com.parse.ProgressCallback val$progressCallback
com.parse.ParseFile$9: bolts.TaskCompletionSource val$cts
com.parse.ParseFile$9: com.parse.ParseFile this$0
com.parse.ParseFile$9: ParseFile$9(com.parse.ParseFile,com.parse.ProgressCallback,bolts.TaskCompletionSource)
com.parse.ParseFile$9: bolts.Task then(bolts.Task)
com.parse.ParseFile$9: java.lang.Object then(bolts.Task)
com.parse.ParseFile$State
com.parse.ParseFile$State: java.lang.String name
com.parse.ParseFile$State: java.lang.String contentType
com.parse.ParseFile$State: java.lang.String url
com.parse.ParseFile$State: ParseFile$State(com.parse.ParseFile$State$Builder)
com.parse.ParseFile$State: java.lang.String name()
com.parse.ParseFile$State: java.lang.String mimeType()
com.parse.ParseFile$State: java.lang.String url()
com.parse.ParseFile$State: ParseFile$State(com.parse.ParseFile$State$Builder,com.parse.ParseFile$1)
com.parse.ParseFile$State$Builder
com.parse.ParseFile$State$Builder: java.lang.String name
com.parse.ParseFile$State$Builder: java.lang.String mimeType
com.parse.ParseFile$State$Builder: java.lang.String url
com.parse.ParseFile$State$Builder: ParseFile$State$Builder()
com.parse.ParseFile$State$Builder: ParseFile$State$Builder(com.parse.ParseFile$State)
com.parse.ParseFile$State$Builder: com.parse.ParseFile$State$Builder name(java.lang.String)
com.parse.ParseFile$State$Builder: com.parse.ParseFile$State$Builder mimeType(java.lang.String)
com.parse.ParseFile$State$Builder: com.parse.ParseFile$State$Builder url(java.lang.String)
com.parse.ParseFile$State$Builder: com.parse.ParseFile$State build()
com.parse.ParseFile$State$Builder: java.lang.String access$100(com.parse.ParseFile$State$Builder)
com.parse.ParseFile$State$Builder: java.lang.String access$200(com.parse.ParseFile$State$Builder)
com.parse.ParseFile$State$Builder: java.lang.String access$300(com.parse.ParseFile$State$Builder)