enstagram/build/outputs/mapping/release/mapping.txt
com.solanki.enstagram.ListActivity -> com.solanki.enstagram.ListActivity:
    java.util.ArrayList list -> j
    android.widget.ListView listView -> k
    54:54:void <init>() -> <init>
    61:91:boolean onCreateOptionsMenu(android.view.Menu) -> onCreateOptionsMenu
    96:106:boolean onOptionsItemSelected(android.view.MenuItem) -> onOptionsItemSelected
    113:150:void onCreate(android.os.Bundle) -> onCreate
    155:156:void onBackPressed() -> onBackPressed
com.solanki.enstagram.ListActivity$1 -> com.solanki.enstagram.ListActivity$1:
    com.solanki.enstagram.ListActivity this$0 -> a
    67:67:void <init>(com.solanki.enstagram.ListActivity) -> <init>
    71:81:boolean onQueryTextChange(java.lang.String) -> b
    86:86:boolean onQueryTextSubmit(java.lang.String) -> a
com.solanki.enstagram.ListActivity$2 -> com.solanki.enstagram.ListActivity$2:
    com.solanki.enstagram.ListActivity this$0 -> a
    122:122:void <init>(com.solanki.enstagram.ListActivity) -> <init>
    125:128:void onItemClick(android.widget.AdapterView,android.view.View,int,long) -> onItemClick
com.solanki.enstagram.ListActivity$3 -> com.solanki.enstagram.ListActivity$3:
    android.widget.ArrayAdapter val$arrayAdapter -> a
    com.solanki.enstagram.ListActivity this$0 -> b
    135:135:void <init>(com.solanki.enstagram.ListActivity,android.widget.ArrayAdapter) -> <init>
    138:148:void done(java.util.List,com.parse.ParseException) -> a
    135:135:void done(java.lang.Object,java.lang.Throwable) -> done
com.solanki.enstagram.MainActivity -> com.solanki.enstagram.MainActivity:
    android.widget.EditText editTextUsername -> j
    android.widget.EditText editTextPassword -> k
    android.widget.Button buttonSignUp -> l
    android.widget.Button buttonLogin -> m
    android.widget.RelativeLayout backgroundLayout -> n
    android.widget.ImageView imageView -> o
    int count -> p
    36:43:void <init>() -> <init>
    46:50:void showList() -> k
    54:56:void keyboardDown(android.view.View) -> keyboardDown
    61:83:void toggle(android.view.View) -> toggle
    87:90:boolean onKey(android.view.View,int,android.view.KeyEvent) -> onKey
    95:119:void signUpClick(android.view.View) -> signUpClick
    124:171:void onCreate(android.os.Bundle) -> onCreate
com.solanki.enstagram.MainActivity$1 -> com.solanki.enstagram.MainActivity$1:
    com.solanki.enstagram.MainActivity this$0 -> a
    65:65:void <init>(com.solanki.enstagram.MainActivity) -> <init>
    68:78:void done(com.parse.ParseUser,com.parse.ParseException) -> a
    65:65:void done(java.lang.Object,java.lang.Throwable) -> done
com.solanki.enstagram.MainActivity$2 -> com.solanki.enstagram.MainActivity$2:
    com.solanki.enstagram.MainActivity this$0 -> a
    103:103:void <init>(com.solanki.enstagram.MainActivity) -> <init>
    106:116:void done(com.parse.ParseException) -> a
    103:103:void done(java.lang.Throwable) -> done
com.solanki.enstagram.MainActivity$3 -> com.solanki.enstagram.MainActivity$3:
    com.solanki.enstagram.MainActivity this$0 -> a
    136:136:void <init>(com.solanki.enstagram.MainActivity) -> <init>
    139:160:boolean onTouch(android.view.View,android.view.MotionEvent) -> onTouch
com.solanki.enstagram.MyFeedActivity -> com.solanki.enstagram.MyFeedActivity:
    android.widget.LinearLayout linearLayout -> j
    boolean isImageFitToScreen -> k
    25:25:void <init>() -> <init>
    37:94:void onCreate(android.os.Bundle) -> onCreate
com.solanki.enstagram.MyFeedActivity$1 -> com.solanki.enstagram.MyFeedActivity$1:
    com.solanki.enstagram.MyFeedActivity this$0 -> a
    47:47:void <init>(com.solanki.enstagram.MyFeedActivity) -> <init>
    50:86:void done(java.util.List,com.parse.ParseException) -> a
    47:47:void done(java.lang.Object,java.lang.Throwable) -> done
...
bolts.Task$12 -> a.j$3:
    bolts.CancellationToken val$ct -> a
    bolts.Continuation val$continuation -> b
    bolts.Task this$0 -> c
    754:754:void <init>(bolts.Task,bolts.CancellationToken,bolts.Continuation) -> <init>
    757:766:bolts.Task then(bolts.Task) -> a
    754:754:java.lang.Object then(bolts.Task) -> then
bolts.Task$13 -> a.j$4:
    bolts.CancellationToken val$ct -> a
    bolts.Continuation val$continuation -> b
    bolts.Task this$0 -> c
    806:806:void <init>(bolts.Task,bolts.CancellationToken,bolts.Continuation) -> <init>
    809:818:bolts.Task then(bolts.Task) -> a
    806:806:java.lang.Object then(bolts.Task) -> then
bolts.Task$14 -> a.j$5:
    bolts.CancellationToken val$ct -> a
    bolts.TaskCompletionSource val$tcs -> b
    bolts.Continuation val$continuation -> c
    bolts.Task val$task -> d
    863:863:void <init>(bolts.CancellationToken,bolts.TaskCompletionSource,bolts.Continuation,bolts.Task) -> <init>
    866:879:void run() -> run
bolts.Task$15 -> a.j$6:
    bolts.CancellationToken val$ct -> a
    bolts.TaskCompletionSource val$tcs -> b
    bolts.Continuation val$continuation -> c
    bolts.Task val$task -> d
    908:908:void <init>(bolts.CancellationToken,bolts.TaskCompletionSource,bolts.Continuation,bolts.Task) -> <init>
    911:945:void run() -> run
bolts.Task$15$1 -> a.j$6$1:
    bolts.Task$15 this$0 -> a
    921:921:void <init>(bolts.Task$15) -> <init>
    924:936:java.lang.Void then(bolts.Task) -> a
    921:921:java.lang.Object then(bolts.Task) -> then
bolts.Task$3 -> a.j$7:
    bolts.Task this$0 -> a
    300:300:void <init>(bolts.Task) -> <init>
    303:309:bolts.Task then(bolts.Task) -> a
    300:300:java.lang.Object then(bolts.Task) -> then
bolts.Task$4 -> a.j$8:
    bolts.CancellationToken val$ct -> a
    bolts.TaskCompletionSource val$tcs -> b
    java.util.concurrent.Callable val$callable -> c
    348:348:void <init>(bolts.CancellationToken,bolts.TaskCompletionSource,java.util.concurrent.Callable) -> <init>
    351:363:void run() -> run
bolts.Task$8 -> a.j$9:
    java.lang.Object val$errorLock -> a
    java.util.ArrayList val$causes -> b
    java.util.concurrent.atomic.AtomicBoolean val$isCancelled -> c
    java.util.concurrent.atomic.AtomicInteger val$count -> d
    bolts.TaskCompletionSource val$allFinished -> e
    538:538:void <init>(java.lang.Object,java.util.ArrayList,java.util.concurrent.atomic.AtomicBoolean,java.util.concurrent.atomic.AtomicInteger,bolts.TaskCompletionSource) -> <init>
    541:567:java.lang.Void then(bolts.Task) -> a
    538:538:java.lang.Object then(bolts.Task) -> then
bolts.Task$9 -> a.j$10:
    bolts.CancellationToken val$ct -> a
    java.util.concurrent.Callable val$predicate -> b
    bolts.Continuation val$continuation -> c
    java.util.concurrent.Executor val$executor -> d
    bolts.Capture val$predicateContinuation -> e
    bolts.Task this$0 -> f
    611:611:void <init>(bolts.Task,bolts.CancellationToken,java.util.concurrent.Callable,bolts.Continuation,java.util.concurrent.Executor,bolts.Capture) -> <init>
    614:622:bolts.Task then(bolts.Task) -> a
    611:611:java.lang.Object then(bolts.Task) -> then
bolts.Task$TaskCompletionSource -> a.j$a:
    bolts.Task this$0 -> a
    1023:1024:void <init>(bolts.Task) -> <init>
bolts.Task$UnobservedExceptionHandler -> a.j$b:
    void unobservedException(bolts.Task,bolts.UnobservedTaskException) -> a
bolts.TaskCompletionSource -> a.k:
    bolts.Task task -> a
    17:19:void <init>() -> <init>
    25:25:bolts.Task getTask() -> a
    32:32:boolean trySetCancelled() -> b
    39:39:boolean trySetResult(java.lang.Object) -> a
    46:46:boolean trySetError(java.lang.Exception) -> a
    53:56:void setCancelled() -> c
    62:65:void setResult(java.lang.Object) -> b
    71:74:void setError(java.lang.Exception) -> b
bolts.UnobservedErrorNotifier -> a.l:
    bolts.Task task -> a
    11:13:void <init>(bolts.Task) -> <init>
    18:28:void finalize() -> finalize
    31:32:void setObserved() -> a