enstagram/build/outputs/mapping/release/usage.txt
com.parse.starter.BuildConfig
com.parse.starter.R
com.parse.starter.R$anim
com.parse.starter.R$array
com.parse.starter.R$attr
com.parse.starter.R$bool
com.parse.starter.R$color
com.parse.starter.R$dimen
com.parse.starter.R$drawable
com.parse.starter.R$font
com.parse.starter.R$id
com.parse.starter.R$integer
com.parse.starter.R$layout
com.parse.starter.R$menu
com.parse.starter.R$mipmap
com.parse.starter.R$string
com.parse.starter.R$style
com.parse.starter.R$styleable
com.parse.starter.R$xml
com.solanki.enstagram.MainActivity:
    private static final java.lang.String TAG
com.solanki.enstagram.MyFeedActivity:
    private android.support.v7.widget.RecyclerView mRecyclerView
    private android.support.v7.widget.RecyclerView$Adapter mAdapter
    private android.support.v7.widget.RecyclerView$LayoutManager mLayoutManager
com.solanki.enstagram.Share_Images:
    private static final int REQUEST_CAPTURE_IMAGE
...
android.support.swiperefreshlayout.R$layout
android.support.swiperefreshlayout.R$string
android.support.swiperefreshlayout.R$style
android.support.swiperefreshlayout.R$styleable
android.support.v13.view.DragAndDropPermissionsCompat
android.support.v13.view.DragStartHelper
android.support.v13.view.DragStartHelper$1
android.support.v13.view.DragStartHelper$2
android.support.v13.view.DragStartHelper$OnDragStartListener
android.support.v13.view.inputmethod.EditorInfoCompat
android.support.v13.view.inputmethod.InputConnectionCompat
android.support.v13.view.inputmethod.InputConnectionCompat$1
android.support.v13.view.inputmethod.InputConnectionCompat$2
android.support.v13.view.inputmethod.InputConnectionCompat$OnCommitContentListener
android.support.v13.view.inputmethod.InputContentInfoCompat
android.support.v13.view.inputmethod.InputContentInfoCompat$InputContentInfoCompatApi25Impl
android.support.v13.view.inputmethod.InputContentInfoCompat$InputContentInfoCompatBaseImpl
android.support.v13.view.inputmethod.InputContentInfoCompat$InputContentInfoCompatImpl
android.support.v4.accessibilityservice.AccessibilityServiceInfoCompat
android.support.v4.app.ActionBarDrawerToggle
android.support.v4.app.ActionBarDrawerToggle$Delegate
android.support.v4.app.ActionBarDrawerToggle$DelegateProvider
android.support.v4.app.ActionBarDrawerToggle$SetIndicatorInfo
android.support.v4.app.ActionBarDrawerToggle$SlideDrawable
android.support.v4.app.ActivityCompat:
    149:151:protected ActivityCompat()
    161:162:public static void setPermissionCompatDelegate(android.support.v4.app.ActivityCompat$PermissionCompatDelegate)
    207:208:public static boolean invalidateOptionsMenu(android.app.Activity)
    233:238:public static void startActivityForResult(android.app.Activity,android.content.Intent,int,android.os.Bundle)
    270:277:public static void startIntentSenderForResult(android.app.Activity,android.content.IntentSender,int,android.content.Intent,int,int,int,android.os.Bundle)
    304:309:public static void finishAfterTransition(android.app.Activity)
    329:341:public static android.net.Uri getReferrer(android.app.Activity)
    362:370:public static android.view.View requireViewById(android.app.Activity,int)
    383:389:public static void setEnterSharedElementCallback(android.app.Activity,android.support.v4.app.SharedElementCallback)
    402:408:public static void setExitSharedElementCallback(android.app.Activity,android.support.v4.app.SharedElementCallback)
    411:414:public static void postponeEnterTransition(android.app.Activity)
    417:420:public static void startPostponedEnterTransition(android.app.Activity)
    491:524:public static void requestPermissions(android.app.Activity,java.lang.String[],int)
    548:551:public static boolean shouldShowRequestPermissionRationale(android.app.Activity,java.lang.String)
android.support.v4.app.ActivityCompat$1
android.support.v4.app.ActivityCompat$OnRequestPermissionsResultCallback
android.support.v4.app.ActivityCompat$PermissionCompatDelegate:
    public abstract boolean requestPermissions(android.app.Activity,java.lang.String[],int)
android.support.v4.app.ActivityCompat$RequestPermissionsRequestCodeValidator
android.support.v4.app.ActivityCompat$SharedElementCallback21Impl
android.support.v4.app.ActivityCompat$SharedElementCallback21Impl$1
android.support.v4.app.ActivityManagerCompat
android.support.v4.app.ActivityOptionsCompat
android.support.v4.app.ActivityOptionsCompat$ActivityOptionsCompatImpl
android.support.v4.app.AlarmManagerCompat
android.support.v4.app.AppComponentFactory
android.support.v4.app.AppLaunchChecker